Start testing: Apr 11 01:46 IST
----------------------------------------------------------
1/4 Testing: tarjan
1/4 Test: tarjan
Command: "/Users/tanya/Documents/railguard/build/test_tarjan"
Directory: /Users/tanya/Documents/railguard/build
"tarjan" start time: Apr 11 01:46 IST
Output:
----------------------------------------------------------
<end of output>
Test time =   0.43 sec
----------------------------------------------------------
Test Passed.
"tarjan" end time: Apr 11 01:46 IST
"tarjan" time elapsed: 00:00:00
----------------------------------------------------------

2/4 Testing: dsu_rollback
2/4 Test: dsu_rollback
Command: "/Users/tanya/Documents/railguard/build/test_dsu"
Directory: /Users/tanya/Documents/railguard/build
"dsu_rollback" start time: Apr 11 01:46 IST
Output:
----------------------------------------------------------
<end of output>
Test time =   0.49 sec
----------------------------------------------------------
Test Passed.
"dsu_rollback" end time: Apr 11 01:46 IST
"dsu_rollback" time elapsed: 00:00:00
----------------------------------------------------------

3/4 Testing: cascade
3/4 Test: cascade
Command: "/Users/tanya/Documents/railguard/build/test_cascade"
Directory: /Users/tanya/Documents/railguard/build
"cascade" start time: Apr 11 01:46 IST
Output:
----------------------------------------------------------
<end of output>
Test time =   0.46 sec
----------------------------------------------------------
Test Passed.
"cascade" end time: Apr 11 01:46 IST
"cascade" time elapsed: 00:00:00
----------------------------------------------------------

4/4 Testing: sprague
4/4 Test: sprague
Command: "/Users/tanya/Documents/railguard/build/test_sprague"
Directory: /Users/tanya/Documents/railguard/build
"sprague" start time: Apr 11 01:46 IST
Output:
----------------------------------------------------------
<end of output>
Test time =   0.47 sec
----------------------------------------------------------
Test Passed.
"sprague" end time: Apr 11 01:46 IST
"sprague" time elapsed: 00:00:00
----------------------------------------------------------

End testing: Apr 11 01:46 IST
